AUTHORS
BUGS
ChangeLog
INSTALL.win32
NEWS
README.neon.md
THANKS
TODO
config.hw
config.hw.in
neon.mak
src/COPYING.LIB
src/ChangeLog
src/Makefile.in
src/README
src/memleak.h
src/mktable.c
src/ne_207.c
src/ne_207.h
src/ne_acl.h
src/ne_acl3744.c
src/ne_acl3744.h
src/ne_alloc.c
src/ne_alloc.h
src/ne_auth.c
src/ne_auth.h
src/ne_basic.c
src/ne_basic.h
src/ne_compress.c
src/ne_compress.h
src/ne_dates.c
src/ne_dates.h
src/ne_defs.h
src/ne_gnutls.c
src/ne_i18n.c
src/ne_i18n.h
src/ne_internal.h
src/ne_locks.c
src/ne_locks.h
src/ne_md5.c
src/ne_md5.h
src/ne_ntlm.c
src/ne_ntlm.h
src/ne_oldacl.c
src/ne_openssl.c
src/ne_pkcs11.c
src/ne_pkcs11.h
src/ne_private.h
src/ne_privssl.h
src/ne_props.c
src/ne_props.h
src/ne_redirect.c
src/ne_redirect.h
src/ne_request.c
src/ne_request.h
src/ne_session.c
src/ne_session.h
src/ne_socket.c
src/ne_socket.h
src/ne_socks.c
src/ne_ssl.h
src/ne_sspi.c
src/ne_sspi.h
src/ne_string.c
src/ne_string.h
src/ne_stubssl.c
src/ne_uri.c
src/ne_uri.h
src/ne_utils.c
src/ne_utils.h
src/ne_xml.c
src/ne_xml.h
src/ne_xmlreq.c
src/ne_xmlreq.h
src/neon.def
src/neon.vers
test/.gdbinit
test/COPYING
test/ChangeLog
test/Makefile.in
test/README
test/STATUS
test/acl3744.c
test/auth.c
test/basic.c
test/common/ChangeLog
test/common/README
test/common/child.c
test/common/child.h
test/common/run.sh
test/common/tests.c
test/common/tests.h
test/compress.c
test/expired.pem
test/htdocs/plain
test/largefile.c
test/lock.c
test/makekeys.sh
test/neon.prio
test/notvalid.pem
test/nulca.pem
test/nulcn.pem
test/nulsan.pem
test/nulsrv.key
test/oldacl.c
test/openssl.conf
test/props.c
test/redirect.c
test/request.c
test/resolve.c
test/run-tests.sh
test/run.sh
test/session.c
test/skeleton.c
test/socket.c
test/ssl.c
test/string-tests.c
test/stubs.c
test/uri-tests.c
test/util-socks.c
test/util-tests.c
test/utils.c
test/utils.h
test/xml.c
test/xmlreq.c
